<?xml version="1.0" encoding="UTF-8"?>
<!-- Generated by org.testng.reporters.JUnitXMLReporter -->
<testsuite ignored="0" hostname="DESKTOP-POVTEU8" failures="0" tests="3" name="ChromeTestKSA" time="26.409" errors="0" timestamp="2023-04-12T23:53:51 EET">
  <testcase classname="testCases.KSA_TC" name="Plane_typeTC" time="4.945"/>
  <testcase classname="testCases.KSA_TC" name="Plane_CurrencyTC" time="0.205"/>
  <testcase classname="testCases.KSA_TC" name="Plane_PriceTC" time="7.719"/>
</testsuite> <!-- ChromeTestKSA -->
