<?xml version="1.0" encoding="UTF-8"?>
<!-- Generated by org.testng.reporters.JUnitXMLReporter -->
<testsuite ignored="0" hostname="DESKTOP-POVTEU8" failures="0" tests="3" name="ChromeTestKWD" time="29.077" errors="0" timestamp="2023-04-12T23:53:25 EET">
  <testcase classname="testCases.Kuwait_TC" name="Plane_typeTC" time="9.158"/>
  <testcase classname="testCases.Kuwait_TC" name="Plane_CurrencyTC" time="0.212"/>
  <testcase classname="testCases.Kuwait_TC" name="Plane_PriceTC" time="5.84"/>
</testsuite> <!-- ChromeTestKWD -->
