<?xml version="1.0" encoding="UTF-8"?>
<!-- Generated by org.testng.reporters.JUnitXMLReporter -->
<testsuite ignored="0" hostname="DESKTOP-POVTEU8" failures="0" tests="3" name="ChromeTest" time="40.771" errors="0" timestamp="2023-04-12T22:49:24 EET">
  <testcase classname="testCases.Kuwait_TC" name="Plane_typeTC" time="10.423"/>
  <testcase classname="testCases.Kuwait_TC" name="Plane_CurrencyTC" time="0.251"/>
  <testcase classname="testCases.Kuwait_TC" name="Plane_PriceTC" time="7.041"/>
</testsuite> <!-- ChromeTest -->
