<?xml version="1.0" encoding="UTF-8"?>
<!-- Generated by org.testng.reporters.JUnitXMLReporter -->
<testsuite ignored="0" hostname="DESKTOP-POVTEU8" failures="0" tests="3" name="ChromeTestBHD" time="36.923" errors="0" timestamp="2023-04-12T23:52:56 EET">
  <testcase classname="testCases.Bahrain_TC" name="Plane_typeTC" time="7.027"/>
  <testcase classname="testCases.Bahrain_TC" name="Plane_CurrencyTC" time="0.331"/>
  <testcase classname="testCases.Bahrain_TC" name="Plane_PriceTC" time="6.484"/>
</testsuite> <!-- ChromeTestBHD -->
