<?xml version="1.0" encoding="UTF-8"?>
<!-- Generated by org.testng.reporters.JUnitXMLReporter -->
<testsuite ignored="0" hostname="DESKTOP-POVTEU8" failures="0" tests="3" name="FirefoxTest" time="42.09" errors="0" timestamp="2023-04-12T23:54:33 EET">
  <testcase classname="testCases.Kuwait_TC" name="Plane_typeTC" time="10.31"/>
  <testcase classname="testCases.Kuwait_TC" name="Plane_CurrencyTC" time="0.133"/>
  <testcase classname="testCases.Kuwait_TC" name="Plane_PriceTC" time="4.056"/>
</testsuite> <!-- FirefoxTest -->
