<?xml version="1.0" encoding="UTF-8"?>
<testng-results ignored="0" total="12" passed="12" failed="0" skipped="0">
  <reporter-output>
  </reporter-output>
  <suite started-at="2023-04-12T23:52:19 EET" name="Suite" finished-at="2023-04-12T23:54:33 EET" duration-ms="134646">
    <groups>
    </groups>
    <test started-at="2023-04-12T23:52:19 EET" name="ChromeTestBHD" finished-at="2023-04-12T23:52:56 EET" duration-ms="36923">
      <class name="testCases.Bahrain_TC">
        <test-method is-config="true" signature="beforeTest(java.lang.String)[pri:0, instance:testCases.Bahrain_TC@38089a5a]" started-at="2023-04-12T23:52:19 EET" name="beforeTest" finished-at="2023-04-12T23:52:40 EET" duration-ms="20975" status="PASS">
          <params>
            <param index="0">
              <value>
                <![CDATA[chrome]]>
              </value>
            </param>
          </params>
          <reporter-output>
          </reporter-output>
        </test-method> <!-- beforeTest -->
        <test-method signature="Plane_typeTC()[pri:1, instance:testCases.Bahrain_TC@38089a5a]" started-at="2023-04-12T23:52:40 EET" name="Plane_typeTC" description="Validate Bahrain Plan Type" finished-at="2023-04-12T23:52:47 EET" duration-ms="7027" status="PASS">
          <reporter-output>
          </reporter-output>
        </test-method> <!-- Plane_typeTC -->
        <test-method signature="Plane_CurrencyTC()[pri:2, instance:testCases.Bahrain_TC@38089a5a]" started-at="2023-04-12T23:52:47 EET" name="Plane_CurrencyTC" description="Validate Bahrain Plan Currency" finished-at="2023-04-12T23:52:48 EET" duration-ms="331" status="PASS">
          <reporter-output>
          </reporter-output>
        </test-method> <!-- Plane_CurrencyTC -->
        <test-method signature="Plane_PriceTC()[pri:3, instance:testCases.Bahrain_TC@38089a5a]" started-at="2023-04-12T23:52:48 EET" name="Plane_PriceTC" description="Validate Bahrain Plan Price" finished-at="2023-04-12T23:52:54 EET" duration-ms="6484" status="PASS">
          <reporter-output>
          </reporter-output>
        </test-method> <!-- Plane_PriceTC -->
        <test-method is-config="true" signature="afterTest()[pri:0, instance:testCases.Bahrain_TC@38089a5a]" started-at="2023-04-12T23:52:54 EET" name="afterTest" finished-at="2023-04-12T23:52:56 EET" duration-ms="1572" status="PASS">
          <reporter-output>
          </reporter-output>
        </test-method> <!-- afterTest -->
      </class> <!-- testCases.Bahrain_TC -->
    </test> <!-- ChromeTestBHD -->
    <test started-at="2023-04-12T23:52:56 EET" name="ChromeTestKWD" finished-at="2023-04-12T23:53:25 EET" duration-ms="29077">
      <class name="testCases.Kuwait_TC">
        <test-method is-config="true" signature="beforeTest(java.lang.String)[pri:0, instance:testCases.Kuwait_TC@554e218]" started-at="2023-04-12T23:52:56 EET" name="beforeTest" finished-at="2023-04-12T23:53:08 EET" duration-ms="12445" status="PASS">
          <params>
            <param index="0">
              <value>
                <![CDATA[chrome]]>
              </value>
            </param>
          </params>
          <reporter-output>
          </reporter-output>
        </test-method> <!-- beforeTest -->
        <test-method signature="Plane_typeTC()[pri:1, instance:testCases.Kuwait_TC@554e218]" started-at="2023-04-12T23:53:08 EET" name="Plane_typeTC" description="Validate BHD Plan Type" finished-at="2023-04-12T23:53:17 EET" duration-ms="9158" status="PASS">
          <reporter-output>
          </reporter-output>
        </test-method> <!-- Plane_typeTC -->
        <test-method signature="Plane_CurrencyTC()[pri:2, instance:testCases.Kuwait_TC@554e218]" started-at="2023-04-12T23:53:17 EET" name="Plane_CurrencyTC" description="Validate KSA BHD Currency" finished-at="2023-04-12T23:53:18 EET" duration-ms="212" status="PASS">
          <reporter-output>
          </reporter-output>
        </test-method> <!-- Plane_CurrencyTC -->
        <test-method signature="Plane_PriceTC()[pri:3, instance:testCases.Kuwait_TC@554e218]" started-at="2023-04-12T23:53:18 EET" name="Plane_PriceTC" description="Validate KSA Plan Price" finished-at="2023-04-12T23:53:23 EET" duration-ms="5840" status="PASS">
          <reporter-output>
          </reporter-output>
        </test-method> <!-- Plane_PriceTC -->
        <test-method is-config="true" signature="afterTest()[pri:0, instance:testCases.Kuwait_TC@554e218]" started-at="2023-04-12T23:53:23 EET" name="afterTest" finished-at="2023-04-12T23:53:25 EET" duration-ms="1350" status="PASS">
          <reporter-output>
          </reporter-output>
        </test-method> <!-- afterTest -->
      </class> <!-- testCases.Kuwait_TC -->
    </test> <!-- ChromeTestKWD -->
    <test started-at="2023-04-12T23:53:25 EET" name="ChromeTestKSA" finished-at="2023-04-12T23:53:51 EET" duration-ms="26409">
      <class name="testCases.KSA_TC">
        <test-method is-config="true" signature="beforeTest(java.lang.String)[pri:0, instance:testCases.KSA_TC@336f1079]" started-at="2023-04-12T23:53:25 EET" name="beforeTest" finished-at="2023-04-12T23:53:37 EET" duration-ms="11898" status="PASS">
          <params>
            <param index="0">
              <value>
                <![CDATA[chrome]]>
              </value>
            </param>
          </params>
          <reporter-output>
          </reporter-output>
        </test-method> <!-- beforeTest -->
        <test-method signature="Plane_typeTC()[pri:1, instance:testCases.KSA_TC@336f1079]" started-at="2023-04-12T23:53:37 EET" name="Plane_typeTC" description="Validate KSA Plan Type" finished-at="2023-04-12T23:53:42 EET" duration-ms="4945" status="PASS">
          <reporter-output>
          </reporter-output>
        </test-method> <!-- Plane_typeTC -->
        <test-method signature="Plane_CurrencyTC()[pri:2, instance:testCases.KSA_TC@336f1079]" started-at="2023-04-12T23:53:42 EET" name="Plane_CurrencyTC" description="Validate KSA Plan Currency" finished-at="2023-04-12T23:53:42 EET" duration-ms="205" status="PASS">
          <reporter-output>
          </reporter-output>
        </test-method> <!-- Plane_CurrencyTC -->
        <test-method signature="Plane_PriceTC()[pri:3, instance:testCases.KSA_TC@336f1079]" started-at="2023-04-12T23:53:42 EET" name="Plane_PriceTC" description="Validate KSA Plan Price" finished-at="2023-04-12T23:53:50 EET" duration-ms="7719" status="PASS">
          <reporter-output>
          </reporter-output>
        </test-method> <!-- Plane_PriceTC -->
        <test-method is-config="true" signature="afterTest()[pri:0, instance:testCases.KSA_TC@336f1079]" started-at="2023-04-12T23:53:50 EET" name="afterTest" finished-at="2023-04-12T23:53:51 EET" duration-ms="1575" status="PASS">
          <reporter-output>
          </reporter-output>
        </test-method> <!-- afterTest -->
      </class> <!-- testCases.KSA_TC -->
    </test> <!-- ChromeTestKSA -->
    <test started-at="2023-04-12T23:53:51 EET" name="FirefoxTest" finished-at="2023-04-12T23:54:33 EET" duration-ms="42090">
      <class name="testCases.Kuwait_TC">
        <test-method is-config="true" signature="beforeTest(java.lang.String)[pri:0, instance:testCases.Kuwait_TC@4b79ac84]" started-at="2023-04-12T23:53:51 EET" name="beforeTest" finished-at="2023-04-12T23:54:16 EET" duration-ms="24234" status="PASS">
          <params>
            <param index="0">
              <value>
                <![CDATA[firefox]]>
              </value>
            </param>
          </params>
          <reporter-output>
          </reporter-output>
        </test-method> <!-- beforeTest -->
        <test-method signature="Plane_typeTC()[pri:1, instance:testCases.Kuwait_TC@4b79ac84]" started-at="2023-04-12T23:54:16 EET" name="Plane_typeTC" description="Validate BHD Plan Type" finished-at="2023-04-12T23:54:26 EET" duration-ms="10310" status="PASS">
          <reporter-output>
          </reporter-output>
        </test-method> <!-- Plane_typeTC -->
        <test-method signature="Plane_CurrencyTC()[pri:2, instance:testCases.Kuwait_TC@4b79ac84]" started-at="2023-04-12T23:54:26 EET" name="Plane_CurrencyTC" description="Validate KSA BHD Currency" finished-at="2023-04-12T23:54:26 EET" duration-ms="133" status="PASS">
          <reporter-output>
          </reporter-output>
        </test-method> <!-- Plane_CurrencyTC -->
        <test-method signature="Plane_PriceTC()[pri:3, instance:testCases.Kuwait_TC@4b79ac84]" started-at="2023-04-12T23:54:26 EET" name="Plane_PriceTC" description="Validate KSA Plan Price" finished-at="2023-04-12T23:54:30 EET" duration-ms="4056" status="PASS">
          <reporter-output>
          </reporter-output>
        </test-method> <!-- Plane_PriceTC -->
        <test-method is-config="true" signature="afterTest()[pri:0, instance:testCases.Kuwait_TC@4b79ac84]" started-at="2023-04-12T23:54:30 EET" name="afterTest" finished-at="2023-04-12T23:54:33 EET" duration-ms="3298" status="PASS">
          <reporter-output>
          </reporter-output>
        </test-method> <!-- afterTest -->
      </class> <!-- testCases.Kuwait_TC -->
    </test> <!-- FirefoxTest -->
  </suite> <!-- Suite -->
</testng-results>
